<?xml version="1.0" encoding="UTF-8"?>
<testng-results ignored="0" total="1" passed="1" failed="0" skipped="0">
  <reporter-output>
  </reporter-output>
  <suite started-at="2022-10-07T09:57:08 IST" name="Default suite" finished-at="2022-10-07T09:57:14 IST" duration-ms="6250">
    <groups>
    </groups>
    <test started-at="2022-10-07T09:57:08 IST" name="Default test" finished-at="2022-10-07T09:57:14 IST" duration-ms="6250">
      <class name="com.rmgyantra.authentication.Auth2Test">
        <test-method signature="authentication()[pri:0, instance:com.rmgyantra.authentication.Auth2Test@2a54a73f]" started-at="2022-10-07T09:57:08 IST" name="authentication" finished-at="2022-10-07T09:57:14 IST" duration-ms="6178" status="PASS">
          <reporter-output>
          </reporter-output>
        </test-method> <!-- authentication -->
      </class> <!-- com.rmgyantra.authentication.Auth2Test -->
    </test> <!-- Default test -->
  </suite> <!-- Default suite -->
</testng-results>
